\BOOKMARK [0][-]{chapter.1}{\376\377\000P\000r\000\351\000s\000e\000n\000t\000a\000t\000i\000o\000n\000\040\000d\000e\000\040\000A\000u\000t\000o\000P\000r\000e\000d\000i\000c\000t}{}% 1
\BOOKMARK [1][-]{section.1.1}{\376\377\000P\000r\000o\000b\000l\000\351\000m\000a\000t\000i\000q\000u\000e}{chapter.1}% 2
\BOOKMARK [1][-]{section.1.2}{\376\377\000S\000o\000l\000u\000t\000i\000o\000n}{chapter.1}% 3
\BOOKMARK [1][-]{section.1.3}{\376\377\000P\000u\000b\000l\000i\000c\000\040\000c\000i\000b\000l\000e}{chapter.1}% 4
\BOOKMARK [1][-]{section.1.4}{\376\377\000P\000e\000r\000s\000o\000n\000a\000s\000\040\000u\000t\000i\000l\000i\000s\000a\000t\000e\000u\000r\000s}{chapter.1}% 5
\BOOKMARK [0][-]{chapter.2}{\376\377\000C\000a\000r\000a\000c\000t\000\351\000r\000i\000s\000t\000i\000q\000u\000e\000s\000\040\000P\000r\000i\000n\000c\000i\000p\000a\000l\000e\000s}{}% 6
\BOOKMARK [1][-]{section.2.1}{\376\377\000I\000n\000t\000e\000r\000f\000a\000c\000e\000\040\000C\000o\000n\000v\000i\000v\000i\000a\000l\000e}{chapter.2}% 7
\BOOKMARK [1][-]{section.2.2}{\376\377\000S\000o\000u\000r\000c\000e\000s\000\040\000F\000i\000a\000b\000l\000e\000s}{chapter.2}% 8
\BOOKMARK [0][-]{chapter.3}{\376\377\000A\000r\000c\000h\000i\000t\000e\000c\000t\000u\000r\000e\000\040\000m\000\351\000t\000i\000e\000r}{}% 9
\BOOKMARK [1][-]{section.3.1}{\376\377\000F\000r\000o\000n\000t\000e\000n\000d}{chapter.3}% 10
\BOOKMARK [1][-]{section.3.2}{\376\377\000B\000a\000c\000k\000e\000n\000d}{chapter.3}% 11
\BOOKMARK [1][-]{section.3.3}{\376\377\000B\000a\000s\000e\000\040\000d\000e\000\040\000d\000o\000n\000n\000\351\000e\000s}{chapter.3}% 12
\BOOKMARK [0][-]{chapter.4}{\376\377\000A\000r\000c\000h\000i\000t\000e\000c\000t\000u\000r\000e\000\040\000d\000i\000s\000t\000r\000i\000b\000u\000\351\000e}{}% 13
\BOOKMARK [1][-]{section.4.1}{\376\377\000A\000p\000p\000l\000i\000c\000a\000t\000i\000o\000n\000\040\000H\000o\000s\000t\000i\000n\000g}{chapter.4}% 14
\BOOKMARK [1][-]{section.4.2}{\376\377\000D\000a\000t\000a\000b\000a\000s\000e\000\040\000H\000o\000s\000t\000i\000n\000g}{chapter.4}% 15
\BOOKMARK [0][-]{chapter.5}{\376\377\000P\000r\000a\000t\000i\000q\000u\000e\000s\000\040\000d\000e\000\040\000C\000o\000l\000l\000a\000b\000o\000r\000a\000t\000i\000o\000n\000\040\000e\000t\000\040\000d\000e\000\040\000D\000e\000v\000O\000p\000s}{}% 16
\BOOKMARK [1][-]{section.5.1}{\376\377\000P\000r\000o\000j\000e\000c\000t\000\040\000M\000a\000n\000a\000g\000e\000m\000e\000n\000t}{chapter.5}% 17
\BOOKMARK [1][-]{section.5.2}{\376\377\000V\000e\000r\000s\000i\000o\000n\000n\000e\000m\000e\000n\000t}{chapter.5}% 18
\BOOKMARK [1][-]{section.5.3}{\376\377\000I\000n\000t\000\351\000g\000r\000a\000t\000i\000o\000n\000\040\000C\000o\000n\000t\000i\000n\000u\000e\000\040\000e\000t\000\040\000D\000\351\000p\000l\000o\000i\000e\000m\000e\000n\000t\000\040\000C\000o\000n\000t\000i\000n\000u}{chapter.5}% 19
\BOOKMARK [1][-]{section.5.4}{\376\377\000M\000a\000i\000n\000t\000e\000n\000a\000b\000i\000l\000i\000t\000\351\000\040\000d\000u\000\040\000c\000o\000d\000e}{chapter.5}% 20
\BOOKMARK [1][-]{section.5.5}{\376\377\000Q\000u\000a\000l\000i\000t\000\351\000\040\000d\000u\000\040\000c\000o\000d\000e}{chapter.5}% 21
\BOOKMARK [0][-]{chapter.6}{\376\377\000P\000a\000r\000t\000i\000e\000\040\000D\000a\000t\000a\000\040\000A\000n\000a\000l\000y\000t\000i\000q\000u\000e}{}% 22
\BOOKMARK [1][-]{section.6.1}{\376\377\000A\000n\000a\000l\000y\000s\000e\000\040\000d\000e\000\040\000d\000o\000n\000n\000\351\000e\000s}{chapter.6}% 23
\BOOKMARK [2][-]{subsection.6.1.1}{\376\377\000P\000r\000\351\000p\000a\000r\000a\000t\000i\000o\000n\000\040\000e\000t\000\040\000n\000e\000t\000t\000o\000y\000a\000g\000e\000\040\000d\000e\000s\000\040\000d\000o\000n\000n\000\351\000e\000s}{section.6.1}% 24
\BOOKMARK [2][-]{subsection.6.1.2}{\376\377\000P\000r\000\351\000s\000e\000n\000t\000a\000t\000i\000o\000n\000\040\000d\000e\000s\000\040\000g\000r\000a\000p\000h\000i\000q\000u\000e\000s\000\040\000e\000t\000\040\000i\000n\000t\000e\000r\000p\000r\000\351\000t\000a\000t\000i\000o\000n}{section.6.1}% 25
\BOOKMARK [2][-]{subsection.6.1.3}{\376\377\000A\000n\000a\000l\000y\000s\000e\000\040\000d\000e\000\040\000l\000a\000\040\000d\000i\000v\000e\000r\000s\000i\000f\000i\000c\000a\000t\000i\000o\000n\000\040\000d\000e\000\040\000m\000a\000r\000q\000u\000e\000\040\000e\000t\000\040\000d\000e\000\040\000m\000o\000d\000\350\000l\000e}{section.6.1}% 26
\BOOKMARK [2][-]{subsection.6.1.4}{\376\377\000A\000n\000a\000l\000y\000s\000e\000\040\000d\000e\000\040\000l\000a\000\040\000d\000\351\000p\000r\000\351\000c\000i\000a\000t\000i\000o\000n}{section.6.1}% 27
\BOOKMARK [0][-]{chapter.7}{\376\377\000P\000a\000r\000t\000i\000e\000\040\000M\000a\000c\000h\000i\000n\000e\000\040\000L\000e\000a\000r\000n\000i\000n\000g}{}% 28
\BOOKMARK [1][-]{section.7.1}{\376\377\000O\000b\000j\000e\000c\000t\000i\000f\000\040\000e\000t\000\040\000I\000n\000t\000\351\000g\000r\000a\000t\000i\000o\000n}{chapter.7}% 29
\BOOKMARK [1][-]{section.7.2}{\376\377\000P\000r\000\351\000p\000a\000r\000a\000t\000i\000o\000n\000\040\000d\000e\000s\000\040\000D\000o\000n\000n\000\351\000e\000s}{chapter.7}% 30
\BOOKMARK [2][-]{subsection.7.2.1}{\376\377\000N\000e\000t\000t\000o\000y\000a\000g\000e}{section.7.2}% 31
\BOOKMARK [2][-]{subsection.7.2.2}{\376\377\000C\000h\000a\000m\000p\000s\000\040\000u\000t\000i\000l\000i\000s\000\351\000s\000\040\000p\000o\000u\000r\000\040\000l\000e\000\040\000m\000o\000d\000\350\000l\000e}{section.7.2}% 32
\BOOKMARK [1][-]{section.7.3}{\376\377\000M\000o\000d\000\350\000l\000e\000\040\000e\000t\000\040\000E\000n\000t\000r\000a\000\356\000n\000e\000m\000e\000n\000t}{chapter.7}% 33
\BOOKMARK [2][-]{subsection.7.3.1}{\376\377\000A\000l\000g\000o\000r\000i\000t\000h\000m\000e\000s\000\040\000e\000x\000p\000l\000o\000r\000\351\000s}{section.7.3}% 34
\BOOKMARK [2][-]{subsection.7.3.2}{\376\377\000E\000n\000c\000o\000d\000a\000g\000e}{section.7.3}% 35
\BOOKMARK [2][-]{subsection.7.3.3}{\376\377\000S\000\351\000p\000a\000r\000a\000t\000i\000o\000n\000\040\000d\000e\000s\000\040\000d\000o\000n\000n\000\351\000e\000s\000\040\000e\000t\000\040\000\351\000v\000a\000l\000u\000a\000t\000i\000o\000n}{section.7.3}% 36
\BOOKMARK [2][-]{subsection.7.3.4}{\376\377\000\311\000v\000a\000l\000u\000a\000t\000i\000o\000n\000\040\000e\000t\000\040\000R\000\351\000s\000u\000l\000t\000a\000t\000s}{section.7.3}% 37
\BOOKMARK [2][-]{subsection.7.3.5}{\376\377\000M\000o\000d\000\350\000l\000e\000\040\000c\000h\000o\000i\000s\000i}{section.7.3}% 38
\BOOKMARK [1][-]{section.7.4}{\376\377\000I\000n\000t\000e\000r\000a\000c\000t\000i\000o\000n\000\040\000a\000v\000e\000c\000\040\000l\000e\000\040\000F\000r\000o\000n\000t\000e\000n\000d}{chapter.7}% 39
\BOOKMARK [2][-]{subsection.7.4.1}{\376\377\000V\000a\000r\000i\000a\000b\000l\000e\000s\000\040\000s\000a\000i\000s\000i\000e\000s\000\040\000p\000a\000r\000\040\000l\000'\000u\000t\000i\000l\000i\000s\000a\000t\000e\000u\000r}{section.7.4}% 40
\BOOKMARK [2][-]{subsection.7.4.2}{\376\377\000I\000n\000f\000\351\000r\000e\000n\000c\000e\000\040\000d\000e\000s\000\040\000v\000a\000r\000i\000a\000b\000l\000e\000s\000\040\000m\000a\000n\000q\000u\000a\000n\000t\000e\000s}{section.7.4}% 41
\BOOKMARK [2][-]{subsection.7.4.3}{\376\377\000T\000o\000l\000\351\000r\000a\000n\000c\000e\000\040\000\340\000\040\000l\000a\000\040\000p\000a\000n\000n\000e}{section.7.4}% 42
\BOOKMARK [2][-]{subsection.7.4.4}{\376\377\000T\000o\000l\000\351\000r\000a\000n\000c\000e\000\040\000a\000u\000x\000\040\000e\000r\000r\000e\000u\000r\000s\000\040\000d\000e\000\040\000s\000a\000i\000s\000i\000e}{section.7.4}% 43
\BOOKMARK [2][-]{subsection.7.4.5}{\376\377\000A\000f\000f\000i\000c\000h\000a\000g\000e\000\040\000d\000e\000s\000\040\000r\000\351\000s\000u\000l\000t\000a\000t\000s}{section.7.4}% 44
